<?xml version="1.0" encoding="UTF-8"?>
<!-- Generated by org.testng.reporters.JUnitReportReporter -->
<testsuite hostname="DESKTOP-P5UKOM7" failures="0" tests="7" name="automationFramework.Register" time="5.706" errors="0" timestamp="2021-04-04T20:17:09 IST" skipped="0">
  <testcase classname="automationFramework.Register" name="f" time="0.151"/>
  <system-out/>
  <testcase classname="automationFramework.Register" name="f1" time="4.444"/>
  <system-out/>
  <testcase classname="automationFramework.Register" name="f2" time="0.251"/>
  <system-out/>
  <testcase classname="automationFramework.Register" name="f4" time="0.206"/>
  <system-out/>
  <testcase classname="automationFramework.Register" name="f5" time="0.224"/>
  <system-out/>
  <testcase classname="automationFramework.Register" name="f6" time="0.220"/>
  <system-out/>
  <testcase classname="automationFramework.Register" name="f7" time="0.210"/>
  <system-out/>
</testsuite> <!-- automationFramework.Register -->
