<?xml version="1.0" encoding="UTF-8"?>
<!-- Generated by org.testng.reporters.JUnitReportReporter -->
<testsuite hostname="DESKTOP-P5UKOM7" failures="0" tests="9" name="automationFramework.Jenkins$Main" time="9.640" errors="0" timestamp="2021-04-04T20:54:21 IST" skipped="0">
  <testcase classname="automationFramework.Jenkins$Main" name="login" time="0.759"/>
  <system-out/>
  <testcase classname="automationFramework.Jenkins$Main" name="contact_us" time="0.772"/>
  <system-out/>
  <testcase classname="automationFramework.Jenkins$Main" name="contact_us" time="0.888"/>
  <system-out/>
  <testcase classname="automationFramework.Jenkins$Main" name="contact_us" time="0.738"/>
  <system-out/>
  <testcase classname="automationFramework.Jenkins$Main" name="contact_us" time="4.651"/>
  <system-out/>
  <testcase classname="automationFramework.Jenkins$Main" name="close_tabs" time="0.130"/>
  <system-out/>
  <testcase classname="automationFramework.Jenkins$Main" name="close_tabs" time="1.160"/>
  <system-out/>
  <testcase classname="automationFramework.Jenkins$Main" name="close_tabs" time="0.274"/>
  <system-out/>
  <testcase classname="automationFramework.Jenkins$Main" name="close_tabs" time="0.268"/>
  <system-out/>
</testsuite> <!-- automationFramework.Jenkins$Main -->
