<?xml version="1.0" encoding="UTF-8"?>
<!-- Generated by org.testng.reporters.JUnitReportReporter -->
<testsuite hostname="DESKTOP-P5UKOM7" failures="0" tests="5" name="automationFramework.Main" time="0.541" errors="0" timestamp="2021-04-02T09:09:43 IST" skipped="0">
  <testcase classname="automationFramework.Main" name="Clicksignin" time="0.131"/>
  <system-out/>
  <testcase classname="automationFramework.Main" name="Email" time="0.146"/>
  <system-out/>
  <testcase classname="automationFramework.Main" name="Password" time="0.097"/>
  <system-out/>
  <testcase classname="automationFramework.Main" name="ContinueButton" time="0.070"/>
  <system-out/>
  <testcase classname="automationFramework.Main" name="signin" time="0.097"/>
  <system-out/>
</testsuite> <!-- automationFramework.Main -->
