<?xml version="1.0" encoding="UTF-8"?>
<!-- Generated by org.testng.reporters.JUnitReportReporter -->
<testsuite hostname="DESKTOP-P5UKOM7" failures="0" tests="12" name="automationFramework.internshalaTest$Main" time="15.543" errors="0" timestamp="2021-04-02T08:33:04 IST" skipped="0">
  <testcase classname="automationFramework.internshalaTest$Main" name="login" time="0.425"/>
  <system-out/>
  <testcase classname="automationFramework.internshalaTest$Main" name="contact_us" time="6.133"/>
  <system-out/>
  <testcase classname="automationFramework.internshalaTest$Main" name="contact_us" time="0.445"/>
  <system-out/>
  <testcase classname="automationFramework.internshalaTest$Main" name="contact_us" time="0.964"/>
  <system-out/>
  <testcase classname="automationFramework.internshalaTest$Main" name="contact_us" time="0.657"/>
  <system-out/>
  <testcase classname="automationFramework.internshalaTest$Main" name="close_tabs" time="0.111"/>
  <system-out/>
  <testcase classname="automationFramework.internshalaTest$Main" name="close_tabs" time="0.185"/>
  <system-out/>
  <testcase classname="automationFramework.internshalaTest$Main" name="close_tabs" time="0.084"/>
  <system-out/>
  <testcase classname="automationFramework.internshalaTest$Main" name="close_tabs" time="0.106"/>
  <system-out/>
  <testcase classname="automationFramework.internshalaTest$Main" name="goTointernships" time="2.336"/>
  <system-out/>
  <testcase classname="automationFramework.internshalaTest$Main" name="selectCategory" time="0.396"/>
  <system-out/>
  <testcase classname="automationFramework.internshalaTest$Main" name="searchAndApply" time="3.701"/>
  <system-out/>
</testsuite> <!-- automationFramework.internshalaTest$Main -->
